[debug] [2022-07-23T08:23:37.006Z] ----------------------------------------------------------------------
[debug] [2022-07-23T08:23:37.009Z] Command:       C:\Program Files\nodejs\node.exe C:\Users\LENOV\AppData\Roaming\npm\node_modules\firebase-tools\lib\bin\firebase.js init
[debug] [2022-07-23T08:23:37.010Z] CLI Version:   10.0.1
[debug] [2022-07-23T08:23:37.010Z] Platform:      win32
[debug] [2022-07-23T08:23:37.010Z] Node Version:  v14.18.0
[debug] [2022-07-23T08:23:37.011Z] Time:          Sat Jul 23 2022 13:53:37 GMT+0530 (India Standard Time)
[debug] [2022-07-23T08:23:37.012Z] ----------------------------------------------------------------------
[debug] 
[debug] [2022-07-23T08:23:37.117Z] > command requires scopes: ["email","openid","https://www.googleapis.com/auth/cloudplatformprojects.readonly","https://www.googleapis.com/auth/firebase","https://www.googleapis.com/auth/cloud-platform"]
[debug] [2022-07-23T08:23:37.118Z] > authorizing via signed-in user (gitthubofficial@gmail.com)
[info] 
     ######## #### ########  ######## ########     ###     ######  ########
     ##        ##  ##     ## ##       ##     ##  ##   ##  ##       ##
     ######    ##  ########  ######   ########  #########  ######  ######
     ##        ##  ##    ##  ##       ##     ## ##     ##       ## ##
     ##       #### ##     ## ######## ########  ##     ##  ######  ########

You're about to initialize a Firebase project in this directory:

  F:\New folder (6)\A_SEMESTER 3\Mini Project\fast-fix

Before we get started, keep in mind:

  * You are initializing within an existing Firebase project directory

[info] 
=== Project Setup
[info] 
[info] First, let's associate this project directory with a Firebase project.
[info] You can create multiple project aliases by running firebase use --add, 
[info] but for now we'll just set up a default project.
[info] 
[debug] [2022-07-23T08:24:07.423Z] Using project from CLI flag: fastfix-reactjs
[debug] [2022-07-23T08:24:07.434Z] > refreshing access token with scopes: []
[debug] [2022-07-23T08:24:07.437Z] >>> HTTP REQUEST POST https://www.googleapis.com/oauth2/v3/token  
 <request body omitted>
[debug] [2022-07-23T08:24:28.618Z] Authentication Error: Your credentials are no longer valid. Please run firebase login --reauth

For CI servers and headless environments, generate a new token with firebase login:ci
[debug] [2022-07-23T08:24:28.942Z] FirebaseError: Authentication Error: Your credentials are no longer valid. Please run firebase login --reauth

For CI servers and headless environments, generate a new token with firebase login:ci
    at invalidCredentialError (C:\Users\LENOV\AppData\Roaming\npm\node_modules\firebase-tools\lib\auth.js:141:12)
    at refreshTokens (C:\Users\LENOV\AppData\Roaming\npm\node_modules\firebase-tools\lib\auth.js:448:15)
    at processTicksAndRejections (internal/process/task_queues.js:95:5)
    at async Client.getAccessToken (C:\Users\LENOV\AppData\Roaming\npm\node_modules\firebase-tools\lib\apiv2.js:146:23)
    at async Client.addAuthHeader (C:\Users\LENOV\AppData\Roaming\npm\node_modules\firebase-tools\lib\apiv2.js:137:21)
    at async Client.request (C:\Users\LENOV\AppData\Roaming\npm\node_modules\firebase-tools\lib\apiv2.js:93:34)
    at async Object.getFirebaseProject (C:\Users\LENOV\AppData\Roaming\npm\node_modules\firebase-tools\lib\management\projects.js:290:21)
    at async Object.doSetup [as project] (C:\Users\LENOV\AppData\Roaming\npm\node_modules\firebase-tools\lib\init\features\project.js:85:27)
    at async init (C:\Users\LENOV\AppData\Roaming\npm\node_modules\firebase-tools\lib\init\index.js:19:9)
[error] 
[error] Error: Failed to get Firebase project fastfix-reactjs. Please make sure the project exists and your account has permission to access it.
